<?xml version="1.0" encoding="UTF-8"?>
<robot generator="Robot 5.0.1 (Python 3.10.7 on win32)" generated="20221012 23:23:03.382" rpa="false" schemaversion="3">
<suite id="s1" name="Demo5" source="d:\Mine\Company\Harman-RobotFramework\RobotFramework1Harman2021-master\RobotFramework1Harman2021-master\rpa\demo5.robot">
<test id="s1-t1" name="TC2" line="24">
<kw name="Use Encryption Key" library="RPA.Crypto">
<arg>${KEY}</arg>
<doc>Set key for all following encryption/decryption operations.</doc>
<msg timestamp="20221012 23:23:04.118" level="INFO">Protecting keyword: RPA.Crypto.Use Encryption Key</msg>
<msg timestamp="20221012 23:23:04.119" level="INFO">Log level changed from NONE to INFO.</msg>
<status status="PASS" starttime="20221012 23:23:04.117" endtime="20221012 23:23:04.119"/>
</kw>
<kw name="Decrypt String" library="RPA.Crypto">
<var>${password}</var>
<arg>${enPassword}</arg>
<doc>Decrypt a string.</doc>
<msg timestamp="20221012 23:23:04.124" level="INFO">${password} = pass</msg>
<status status="PASS" starttime="20221012 23:23:04.120" endtime="20221012 23:23:04.126"/>
</kw>
<kw name="Open Browser" library="SeleniumLibrary">
<arg>browser=chrome</arg>
<arg>executable_path=D:${/}Software${/}chromedriver.exe</arg>
<doc>Opens a new browser instance to the optional ``url``.</doc>
<msg timestamp="20221012 23:23:04.129" level="INFO">Opening browser 'chrome' to base url 'None'.</msg>
<status status="PASS" starttime="20221012 23:23:04.127" endtime="20221012 23:23:06.011"/>
</kw>
<kw name="Maximize Browser Window" library="SeleniumLibrary">
<doc>Maximizes current browser window.</doc>
<status status="PASS" starttime="20221012 23:23:06.014" endtime="20221012 23:23:06.153"/>
</kw>
<kw name="Set Selenium Implicit Wait" library="SeleniumLibrary">
<arg>20s</arg>
<doc>Sets the implicit wait value used by Selenium.</doc>
<status status="PASS" starttime="20221012 23:23:06.154" endtime="20221012 23:23:06.159"/>
</kw>
<kw name="Go To" library="SeleniumLibrary">
<arg>url=https://demo.openemr.io/b/openemr</arg>
<doc>Navigates the current browser window to the provided ``url``.</doc>
<msg timestamp="20221012 23:23:06.160" level="INFO">Opening url 'https://demo.openemr.io/b/openemr'</msg>
<status status="PASS" starttime="20221012 23:23:06.160" endtime="20221012 23:23:10.321"/>
</kw>
<kw name="Input Text" library="SeleniumLibrary">
<arg>id=authUser</arg>
<arg>admin</arg>
<doc>Types the given ``text`` into the text field identified by ``locator``.</doc>
<msg timestamp="20221012 23:23:10.323" level="INFO">Typing text 'admin' into text field 'id=authUser'.</msg>
<status status="PASS" starttime="20221012 23:23:10.322" endtime="20221012 23:23:10.482"/>
</kw>
<kw name="Input Password" library="SeleniumLibrary">
<arg>css=#clearPass</arg>
<arg>${password}</arg>
<doc>Types the given password into the text field identified by ``locator``.</doc>
<msg timestamp="20221012 23:23:10.483" level="INFO">Typing password into text field 'css=#clearPass'.</msg>
<msg timestamp="20221012 23:23:10.534" level="INFO">Temporally setting log level to: NONE</msg>
<msg timestamp="20221012 23:23:10.590" level="INFO">Log level changed from NONE to INFO.</msg>
<status status="PASS" starttime="20221012 23:23:10.483" endtime="20221012 23:23:10.590"/>
</kw>
<kw name="Click Element" library="SeleniumLibrary">
<arg>id=login-button</arg>
<doc>Click the element identified by ``locator``.</doc>
<msg timestamp="20221012 23:23:10.594" level="INFO">Clicking element 'id=login-button'.</msg>
<status status="PASS" starttime="20221012 23:23:10.593" endtime="20221012 23:23:15.577"/>
</kw>
<status status="PASS" starttime="20221012 23:23:04.116" endtime="20221012 23:23:15.582"/>
</test>
<status status="PASS" starttime="20221012 23:23:03.394" endtime="20221012 23:23:15.589"/>
</suite>
<statistics>
<total>
<stat pass="1" fail="0" skip="0">All Tests</stat>
</total>
<tag>
</tag>
<suite>
<stat pass="1" fail="0" skip="0" id="s1" name="Demo5">Demo5</stat>
</suite>
</statistics>
<errors>
</errors>
</robot>
