<?xml version="1.0" encoding="UTF-8"?>
<robot generator="Robot 5.0.1 (Python 3.10.2 on win32)" generated="20220805 02:58:43.482" rpa="false" schemaversion="3">
<suite id="s1" name="Selenium Grid" source="d:\Mine\Company\Harman-RobotFramework\RobotFramework1Harman2021-master\RobotFramework1Harman2021-master\Selenium_mine\selenium_grid.robot">
<test id="s1-t1" name="TC3 Hub and Node" line="21">
<kw name="Open Browser" library="SeleniumLibrary">
<arg>url=https://demo.openemr.io/b/openemr/</arg>
<arg>browser=chrome</arg>
<arg>remote_url=http://172.17.67.65:4444</arg>
<doc>Opens a new browser instance to the optional ``url``.</doc>
<msg timestamp="20220805 02:58:43.846" level="INFO">Opening browser 'chrome' to base url 'https://demo.openemr.io/b/openemr/' through remote server at 'http://172.17.67.65:4444'.</msg>
<status status="PASS" starttime="20220805 02:58:43.846" endtime="20220805 02:58:50.459"/>
</kw>
<kw name="Open Browser" library="SeleniumLibrary">
<arg>url=https://demo.openemr.io/b/openemr/</arg>
<arg>browser=chrome</arg>
<arg>remote_url=http://172.17.67.65:4444</arg>
<doc>Opens a new browser instance to the optional ``url``.</doc>
<msg timestamp="20220805 02:58:50.462" level="INFO">Opening browser 'chrome' to base url 'https://demo.openemr.io/b/openemr/' through remote server at 'http://172.17.67.65:4444'.</msg>
<status status="PASS" starttime="20220805 02:58:50.460" endtime="20220805 02:58:56.946"/>
</kw>
<kw name="Open Browser" library="SeleniumLibrary">
<arg>url=https://demo.openemr.io/b/openemr/</arg>
<arg>browser=chrome</arg>
<arg>remote_url=http://172.17.67.65:4444</arg>
<doc>Opens a new browser instance to the optional ``url``.</doc>
<msg timestamp="20220805 02:58:56.950" level="INFO">Opening browser 'chrome' to base url 'https://demo.openemr.io/b/openemr/' through remote server at 'http://172.17.67.65:4444'.</msg>
<status status="PASS" starttime="20220805 02:58:56.949" endtime="20220805 02:59:10.229"/>
</kw>
<kw name="Open Browser" library="SeleniumLibrary">
<arg>url=https://demo.openemr.io/b/openemr/</arg>
<arg>browser=chrome</arg>
<arg>remote_url=http://172.17.67.65:4444</arg>
<doc>Opens a new browser instance to the optional ``url``.</doc>
<msg timestamp="20220805 02:59:10.231" level="INFO">Opening browser 'chrome' to base url 'https://demo.openemr.io/b/openemr/' through remote server at 'http://172.17.67.65:4444'.</msg>
<status status="PASS" starttime="20220805 02:59:10.230" endtime="20220805 02:59:39.940"/>
</kw>
<kw name="Open Browser" library="SeleniumLibrary">
<arg>url=https://demo.openemr.io/b/openemr/</arg>
<arg>browser=chrome</arg>
<arg>remote_url=http://172.17.67.65:4444</arg>
<doc>Opens a new browser instance to the optional ``url``.</doc>
<msg timestamp="20220805 02:59:39.944" level="INFO">Opening browser 'chrome' to base url 'https://demo.openemr.io/b/openemr/' through remote server at 'http://172.17.67.65:4444'.</msg>
<status status="PASS" starttime="20220805 02:59:39.943" endtime="20220805 02:59:51.722"/>
</kw>
<kw name="Maximize Browser Window" library="SeleniumLibrary">
<doc>Maximizes current browser window.</doc>
<status status="PASS" starttime="20220805 02:59:51.725" endtime="20220805 02:59:51.866"/>
</kw>
<kw name="Set Browser Implicit Wait" library="SeleniumLibrary">
<arg>20</arg>
<doc>Sets the implicit wait value used by Selenium.</doc>
<status status="PASS" starttime="20220805 02:59:51.893" endtime="20220805 02:59:51.928"/>
</kw>
<kw name="Input Text" library="SeleniumLibrary">
<arg>name=authUser</arg>
<arg>admin</arg>
<doc>Types the given ``text`` into the text field identified by ``locator``.</doc>
<msg timestamp="20220805 02:59:51.942" level="INFO">Typing text 'admin' into text field 'name=authUser'.</msg>
<status status="PASS" starttime="20220805 02:59:51.940" endtime="20220805 02:59:52.158"/>
</kw>
<kw name="Close Browser" library="SeleniumLibrary" type="TEARDOWN">
<doc>Closes the current browser.</doc>
<status status="PASS" starttime="20220805 02:59:52.160" endtime="20220805 02:59:53.271"/>
</kw>
<status status="PASS" starttime="20220805 02:58:43.845" endtime="20220805 02:59:53.271"/>
</test>
<status status="PASS" starttime="20220805 02:58:43.484" endtime="20220805 02:59:53.287"/>
</suite>
<statistics>
<total>
<stat pass="1" fail="0" skip="0">All Tests</stat>
</total>
<tag>
</tag>
<suite>
<stat pass="1" fail="0" skip="0" id="s1" name="Selenium Grid">Selenium Grid</stat>
</suite>
</statistics>
<errors>
</errors>
</robot>
